<?xml version="1.0" encoding="UTF-8"?>
<!-- Generated by org.testng.reporters.JUnitReportReporter -->
<testsuite hostname="KAN-DEVLAP124" failures="0" tests="2" name="test.day1" time="0.012" errors="0" timestamp="2023-08-07T16:11:49 IST" skipped="0">
  <testcase classname="test.day1" name="Demo" time="0.010"/>
  <testcase classname="test.day1" name="Demo1" time="0.002"/>
</testsuite> <!-- test.day1 -->
